TN:
SF:src/modules/appointments/services/CreateAppointmentService.ts
FN:44,Object.<anonymous>
FN:44,Object.<anonymous>.__decorate
FN:44,Object.<anonymous>.__metadata
FN:44,Object.<anonymous>.__param
FN:44,Object.<anonymous>.__awaiter
FN:44,adopt
FN:44,fulfilled
FN:44,rejected
FN:44,step
FN:44,Object.<anonymous>.__generator
FN:44,sent
FN:44,g.<computed>
FN:44,verb
FN:44,step
FN:44,Object.<anonymous>.__importDefault
FN:19,CreateAppointmentService
FN:25,Object.<anonymous>.CreateAppointmentService.execute
FNF:17
FNH:15
FNDA:1,Object.<anonymous>
FNDA:1,Object.<anonymous>.__decorate
FNDA:1,Object.<anonymous>.__metadata
FNDA:1,Object.<anonymous>.__param
FNDA:3,Object.<anonymous>.__awaiter
FNDA:5,adopt
FNDA:5,fulfilled
FNDA:0,rejected
FNDA:7,step
FNDA:3,Object.<anonymous>.__generator
FNDA:5,sent
FNDA:0,g.<computed>
FNDA:9,verb
FNDA:8,step
FNDA:1,Object.<anonymous>.__importDefault
FNDA:2,CreateAppointmentService
FNDA:3,Object.<anonymous>.CreateAppointmentService.execute
DA:1,1
DA:2,1
DA:3,1
DA:4,1
DA:5,1
DA:6,1
DA:7,1
DA:8,1
DA:9,1
DA:10,1
DA:11,1
DA:12,1
DA:13,1
DA:14,1
DA:15,1
DA:16,1
DA:17,1
DA:18,1
DA:19,1
DA:20,2
DA:21,2
DA:22,2
DA:23,2
DA:24,1
DA:25,1
DA:26,3
DA:27,3
DA:28,3
DA:29,3
DA:30,3
DA:31,3
DA:32,1
DA:33,1
DA:34,2
DA:35,2
DA:36,2
DA:37,2
DA:38,2
DA:39,3
DA:40,3
DA:41,3
DA:42,1
DA:43,1
DA:44,1
LF:44
LH:44
BRDA:44,0,0,1
BRDA:44,1,0,1
BRDA:44,2,0,1
BRDA:44,3,0,0
BRDA:44,4,0,0
BRDA:44,5,0,0
BRDA:44,6,0,0
BRDA:44,7,0,1
BRDA:44,8,0,1
BRDA:44,9,0,1
BRDA:44,10,0,3
BRDA:44,11,0,5
BRDA:44,12,0,0
BRDA:44,13,0,3
BRDA:44,14,0,5
BRDA:44,15,0,4
BRDA:44,16,0,1
BRDA:44,17,0,7
BRDA:44,18,0,2
BRDA:44,19,0,5
BRDA:44,20,0,3
BRDA:44,21,0,5
BRDA:44,22,0,0
BRDA:44,23,0,9
BRDA:44,24,0,8
BRDA:44,25,0,8
BRDA:44,26,0,0
BRDA:44,27,0,16
BRDA:44,28,0,0
BRDA:44,29,0,0
BRDA:44,30,0,0
BRDA:44,31,0,0
BRDA:44,32,0,8
BRDA:44,33,0,8
BRDA:44,34,0,5
BRDA:44,35,0,0
BRDA:44,36,0,0
BRDA:44,37,0,3
BRDA:44,38,0,0
BRDA:44,39,0,2
BRDA:44,40,0,0
BRDA:44,41,0,0
BRDA:44,42,0,0
BRDA:44,43,0,0
BRDA:44,44,0,8
BRDA:44,45,0,7
BRDA:44,46,0,1
BRDA:44,47,0,8
BRDA:44,48,0,3
BRDA:44,49,0,1
BRDA:44,50,0,2
BRDA:44,51,0,0
BRDA:44,52,0,1
BRDA:44,53,0,0
BRDA:17,54,0,1
BRDA:19,55,0,2
BRDA:25,56,0,3
BRDA:44,57,0,3
BRDA:44,58,0,8
BRDA:44,59,0,3
BRDA:44,60,0,3
BRDA:31,61,0,1
BRDA:33,62,0,2
BRDA:44,63,0,2
BRF:64
BRH:44
end_of_record
TN:
SF:src/modules/users/services/AuthenticateUserService.ts
FN:62,Object.<anonymous>
FN:62,Object.<anonymous>.__decorate
FN:62,Object.<anonymous>.__metadata
FN:62,Object.<anonymous>.__param
FN:62,Object.<anonymous>.__awaiter
FN:62,adopt
FN:62,fulfilled
FN:62,rejected
FN:62,step
FN:62,Object.<anonymous>.__generator
FN:62,sent
FN:62,g.<computed>
FN:62,verb
FN:62,step
FN:62,Object.<anonymous>.__importDefault
FN:25,AuthenticateUserService
FN:33,Object.<anonymous>.AuthenticateUserService.execute
FNF:17
FNH:15
FNDA:1,Object.<anonymous>
FNDA:1,Object.<anonymous>.__decorate
FNDA:1,Object.<anonymous>.__metadata
FNDA:2,Object.<anonymous>.__param
FNDA:3,Object.<anonymous>.__awaiter
FNDA:5,adopt
FNDA:5,fulfilled
FNDA:0,rejected
FNDA:6,step
FNDA:3,Object.<anonymous>.__generator
FNDA:5,sent
FNDA:0,g.<computed>
FNDA:9,verb
FNDA:8,step
FNDA:2,Object.<anonymous>.__importDefault
FNDA:3,AuthenticateUserService
FNDA:3,Object.<anonymous>.AuthenticateUserService.execute
DA:1,1
DA:2,1
DA:3,1
DA:4,1
DA:5,1
DA:6,1
DA:7,1
DA:8,1
DA:9,1
DA:10,1
DA:11,1
DA:12,1
DA:13,1
DA:14,1
DA:15,1
DA:16,1
DA:17,1
DA:18,1
DA:19,1
DA:20,1
DA:21,1
DA:22,1
DA:23,1
DA:24,1
DA:25,1
DA:26,3
DA:27,3
DA:28,3
DA:29,3
DA:30,3
DA:31,3
DA:32,1
DA:33,1
DA:34,3
DA:35,3
DA:36,3
DA:37,3
DA:38,1
DA:39,1
DA:40,2
DA:41,2
DA:42,3
DA:43,3
DA:44,1
DA:45,1
DA:46,1
DA:47,1
DA:48,1
DA:49,1
DA:50,1
DA:51,1
DA:52,1
DA:53,1
DA:54,1
DA:55,1
DA:56,1
DA:57,1
DA:58,3
DA:59,3
DA:60,1
DA:61,1
DA:62,1
LF:62
LH:62
BRDA:62,0,0,1
BRDA:62,1,0,1
BRDA:62,2,0,1
BRDA:62,3,0,0
BRDA:62,4,0,0
BRDA:62,5,0,0
BRDA:62,6,0,0
BRDA:62,7,0,1
BRDA:62,8,0,2
BRDA:62,9,0,2
BRDA:62,10,0,3
BRDA:62,11,0,5
BRDA:62,12,0,0
BRDA:62,13,0,3
BRDA:62,14,0,5
BRDA:62,15,0,3
BRDA:62,16,0,2
BRDA:62,17,0,6
BRDA:62,18,0,1
BRDA:62,19,0,5
BRDA:62,20,0,3
BRDA:62,21,0,5
BRDA:62,22,0,0
BRDA:62,23,0,9
BRDA:62,24,0,8
BRDA:62,25,0,8
BRDA:62,26,0,0
BRDA:62,27,0,16
BRDA:62,28,0,0
BRDA:62,29,0,0
BRDA:62,30,0,0
BRDA:62,31,0,0
BRDA:62,32,0,8
BRDA:62,33,0,8
BRDA:62,34,0,5
BRDA:62,35,0,0
BRDA:62,36,0,0
BRDA:62,37,0,3
BRDA:62,38,0,0
BRDA:62,39,0,1
BRDA:62,40,0,0
BRDA:62,41,0,0
BRDA:62,42,0,0
BRDA:62,43,0,0
BRDA:62,44,0,8
BRDA:62,45,0,6
BRDA:62,46,0,2
BRDA:62,47,0,8
BRDA:62,48,0,3
BRDA:62,49,0,2
BRDA:62,50,0,1
BRDA:62,51,0,0
BRDA:62,52,0,2
BRDA:62,53,0,0
BRDA:23,54,0,1
BRDA:25,55,0,3
BRDA:33,56,0,3
BRDA:62,57,0,3
BRDA:62,58,0,8
BRDA:35,59,0,3
BRDA:62,60,0,3
BRDA:37,61,0,1
BRDA:39,62,0,2
BRDA:62,63,0,2
BRDA:43,64,0,1
BRF:65
BRH:45
end_of_record
TN:
SF:src/modules/users/services/CreateUserService.ts
FN:47,Object.<anonymous>
FN:47,Object.<anonymous>.__decorate
FN:47,Object.<anonymous>.__metadata
FN:47,Object.<anonymous>.__param
FN:47,Object.<anonymous>.__awaiter
FN:47,adopt
FN:47,fulfilled
FN:47,rejected
FN:47,step
FN:47,Object.<anonymous>.__generator
FN:47,sent
FN:47,g.<computed>
FN:47,verb
FN:47,step
FN:47,Object.<anonymous>.__importDefault
FN:19,CreateUserService
FN:27,Object.<anonymous>.CreateUserService.execute
FNF:17
FNH:15
FNDA:2,Object.<anonymous>
FNDA:2,Object.<anonymous>.__decorate
FNDA:2,Object.<anonymous>.__metadata
FNDA:4,Object.<anonymous>.__param
FNDA:5,Object.<anonymous>.__awaiter
FNDA:13,adopt
FNDA:13,fulfilled
FNDA:0,rejected
FNDA:17,step
FNDA:5,Object.<anonymous>.__generator
FNDA:13,sent
FNDA:0,g.<computed>
FNDA:15,verb
FNDA:18,step
FNDA:2,Object.<anonymous>.__importDefault
FNDA:4,CreateUserService
FNDA:5,Object.<anonymous>.CreateUserService.execute
DA:1,1
DA:2,1
DA:3,1
DA:4,1
DA:5,1
DA:6,1
DA:7,1
DA:8,1
DA:9,1
DA:10,1
DA:11,1
DA:12,1
DA:13,1
DA:14,1
DA:15,1
DA:16,1
DA:17,1
DA:18,2
DA:19,2
DA:20,4
DA:21,4
DA:22,4
DA:23,4
DA:24,4
DA:25,4
DA:26,2
DA:27,2
DA:28,5
DA:29,5
DA:30,5
DA:31,5
DA:32,1
DA:33,1
DA:34,4
DA:35,4
DA:36,5
DA:37,5
DA:38,5
DA:39,5
DA:40,5
DA:41,5
DA:42,5
DA:43,5
DA:44,5
DA:45,2
DA:46,1
DA:47,1
LF:47
LH:47
BRDA:47,0,0,2
BRDA:47,1,0,2
BRDA:47,2,0,2
BRDA:47,3,0,0
BRDA:47,4,0,0
BRDA:47,5,0,0
BRDA:47,6,0,0
BRDA:47,7,0,2
BRDA:47,8,0,4
BRDA:47,9,0,4
BRDA:47,10,0,5
BRDA:47,11,0,13
BRDA:47,12,0,0
BRDA:47,13,0,5
BRDA:47,14,0,13
BRDA:47,15,0,12
BRDA:47,16,0,1
BRDA:47,17,0,17
BRDA:47,18,0,4
BRDA:47,19,0,13
BRDA:47,20,0,5
BRDA:47,21,0,13
BRDA:47,22,0,0
BRDA:47,23,0,15
BRDA:47,24,0,18
BRDA:47,25,0,18
BRDA:47,26,0,0
BRDA:47,27,0,36
BRDA:47,28,0,0
BRDA:47,29,0,0
BRDA:47,30,0,0
BRDA:47,31,0,0
BRDA:47,32,0,18
BRDA:47,33,0,18
BRDA:47,34,0,13
BRDA:47,35,0,0
BRDA:47,36,0,0
BRDA:47,37,0,5
BRDA:47,38,0,0
BRDA:47,39,0,4
BRDA:47,40,0,0
BRDA:47,41,0,0
BRDA:47,42,0,0
BRDA:47,43,0,0
BRDA:47,44,0,28
BRDA:47,45,0,18
BRDA:47,46,0,17
BRDA:47,47,0,1
BRDA:47,48,0,18
BRDA:47,49,0,5
BRDA:47,50,0,1
BRDA:47,51,0,4
BRDA:47,52,0,0
BRDA:47,53,0,2
BRDA:47,54,0,0
BRDA:18,55,0,2
BRDA:19,56,0,4
BRDA:27,57,0,5
BRDA:47,58,0,5
BRDA:47,59,0,18
BRDA:29,60,0,5
BRDA:47,61,0,5
BRDA:31,62,0,1
BRDA:33,63,0,4
BRDA:47,64,0,4
BRDA:47,65,0,4
BRF:66
BRH:46
end_of_record
TN:
SF:src/modules/users/services/UpdateUserAvatarService.ts
FN:57,Object.<anonymous>
FN:57,Object.<anonymous>.__decorate
FN:57,Object.<anonymous>.__metadata
FN:57,Object.<anonymous>.__param
FN:57,Object.<anonymous>.__awaiter
FN:57,adopt
FN:57,fulfilled
FN:57,rejected
FN:57,step
FN:57,Object.<anonymous>.__generator
FN:57,sent
FN:57,g.<computed>
FN:57,verb
FN:57,step
FN:57,Object.<anonymous>.__importDefault
FN:22,UpdateUserAvatarService
FN:30,Object.<anonymous>.UpdateUserAvatarService.execute
FNF:17
FNH:15
FNDA:1,Object.<anonymous>
FNDA:1,Object.<anonymous>.__decorate
FNDA:1,Object.<anonymous>.__metadata
FNDA:2,Object.<anonymous>.__param
FNDA:4,Object.<anonymous>.__awaiter
FNDA:11,adopt
FNDA:11,fulfilled
FNDA:0,rejected
FNDA:14,step
FNDA:4,Object.<anonymous>.__generator
FNDA:11,sent
FNDA:0,g.<computed>
FNDA:12,verb
FNDA:15,step
FNDA:1,Object.<anonymous>.__importDefault
FNDA:3,UpdateUserAvatarService
FNDA:4,Object.<anonymous>.UpdateUserAvatarService.execute
DA:1,1
DA:2,1
DA:3,1
DA:4,1
DA:5,1
DA:6,1
DA:7,1
DA:8,1
DA:9,1
DA:10,1
DA:11,1
DA:12,1
DA:13,1
DA:14,1
DA:15,1
DA:16,1
DA:17,1
DA:18,1
DA:19,1
DA:20,1
DA:21,1
DA:22,1
DA:23,3
DA:24,3
DA:25,3
DA:26,3
DA:27,3
DA:28,3
DA:29,1
DA:30,1
DA:31,4
DA:32,4
DA:33,4
DA:34,4
DA:35,4
DA:36,4
DA:37,4
DA:38,1
DA:39,1
DA:40,3
DA:41,3
DA:42,1
DA:43,4
DA:44,4
DA:45,4
DA:46,4
DA:47,4
DA:48,4
DA:49,4
DA:50,4
DA:51,4
DA:52,4
DA:53,1
DA:54,1
DA:55,1
DA:56,1
DA:57,1
LF:57
LH:57
BRDA:57,0,0,1
BRDA:57,1,0,1
BRDA:57,2,0,1
BRDA:57,3,0,0
BRDA:57,4,0,0
BRDA:57,5,0,0
BRDA:57,6,0,0
BRDA:57,7,0,1
BRDA:57,8,0,2
BRDA:57,9,0,2
BRDA:57,10,0,4
BRDA:57,11,0,11
BRDA:57,12,0,0
BRDA:57,13,0,4
BRDA:57,14,0,11
BRDA:57,15,0,10
BRDA:57,16,0,1
BRDA:57,17,0,14
BRDA:57,18,0,3
BRDA:57,19,0,11
BRDA:57,20,0,4
BRDA:57,21,0,11
BRDA:57,22,0,0
BRDA:57,23,0,12
BRDA:57,24,0,15
BRDA:57,25,0,15
BRDA:57,26,0,0
BRDA:57,27,0,32
BRDA:57,28,0,0
BRDA:57,29,0,0
BRDA:57,30,0,0
BRDA:57,31,0,0
BRDA:57,32,0,15
BRDA:57,33,0,15
BRDA:57,34,0,11
BRDA:57,35,0,0
BRDA:57,36,0,0
BRDA:57,37,0,6
BRDA:57,38,0,0
BRDA:57,39,0,5
BRDA:57,40,0,4
BRDA:57,41,0,2
BRDA:57,42,0,0
BRDA:57,43,0,2
BRDA:57,44,0,0
BRDA:57,45,0,0
BRDA:57,46,0,0
BRDA:57,47,0,17
BRDA:57,48,0,16
BRDA:57,49,0,1
BRDA:57,50,0,17
BRDA:57,51,0,4
BRDA:57,52,0,1
BRDA:57,53,0,3
BRDA:57,54,0,0
BRDA:57,55,0,1
BRDA:57,56,0,0
BRDA:20,57,0,1
BRDA:22,58,0,3
BRDA:30,59,0,4
BRDA:57,60,0,4
BRDA:57,61,0,17
BRDA:35,62,0,4
BRDA:57,63,0,4
BRDA:37,64,0,1
BRDA:39,65,0,3
BRDA:41,66,0,2
BRDA:41,67,0,1
BRDA:57,68,0,1
BRDA:45,69,0,3
BRDA:57,70,0,3
BRDA:57,71,0,3
BRF:72
BRH:52
end_of_record
